<?xml version="1.0" encoding="utf-8"?><testsuites name="pytest tests"><testsuite name="pytest" errors="0" failures="0" skipped="0" tests="7" time="0.669" timestamp="2026-08-29T21:53:59.285140+00:00" hostname="agent-env-fccbb74d-c70e-4532-8a98-0f34404ed49b"><testcase classname="tests.test_engine.TestCompletedEngineRun" name="test_get_completed_run_full_shape" time="0.151" /><testcase classname="tests.test_engine.TestCompletedEngineRun" name="test_second_completed_run_step_count" time="0.059" /><testcase classname="tests.test_engine.TestGetEngineRunErrors" name="test_invalid_id_returns_400" time="0.054" /><testcase classname="tests.test_engine.TestGetEngineRunErrors" name="test_nonexistent_valid_id_returns_404" time="0.054" /><testcase classname="tests.test_engine.TestRegression" name="test_health" time="0.056" /><testcase classname="tests.test_engine.TestRegression" name="test_persona_panels_list" time="0.053" /><testcase classname="tests.test_engine.TestRegression" name="test_runs_create_list_delete" time="0.158" /></testsuite></testsuites>