<?xml version="1.0" encoding="utf-8"?><testsuites name="pytest tests"><testsuite name="pytest" errors="0" failures="0" skipped="0" tests="8" time="60.310" timestamp="2026-08-29T22:41:21.766160+00:00" hostname="agent-env-fccbb74d-c70e-4532-8a98-0f34404ed49b"><testcase classname="tests.test_generate_personas" name="test_health" time="0.278" /><testcase classname="tests.test_generate_personas" name="test_response_shape" time="31.257" /><testcase classname="tests.test_generate_personas" name="test_persona_schema" time="0.000" /><testcase classname="tests.test_generate_personas" name="test_frustration_distribution" time="0.000" /><testcase classname="tests.test_generate_personas" name="test_tolerance_rules" time="0.000" /><testcase classname="tests.test_generate_personas" name="test_disability_constraints" time="0.000" /><testcase classname="tests.test_generate_personas" name="test_count_three" time="27.991" /><testcase classname="tests.test_generate_personas" name="test_invalid_count" time="0.148" /></testsuite></testsuites>