<?xml version="1.0" encoding="utf-8"?><testsuites name="pytest tests"><testsuite name="pytest" errors="0" failures="0" skipped="0" tests="8" time="0.599" timestamp="2026-08-29T22:20:00.716746+00:00" hostname="agent-env-fccbb74d-c70e-4532-8a98-0f34404ed49b"><testcase classname="tests.test_panel.TestCompletedBatch" name="test_batch_shape_and_three_completed_runs" time="0.126" /><testcase classname="tests.test_panel.TestCompletedBatch" name="test_batch_nonexistent_returns_404" time="0.066" /><testcase classname="tests.test_panel.TestSeedPersonaConstraints" name="test_arun_has_no_click" time="0.060" /><testcase classname="tests.test_panel.TestSeedPersonaConstraints" name="test_meera_has_click_and_ax_tree_only" time="0.000" /><testcase classname="tests.test_panel.TestArunAndMeeraRuns" name="test_arun_run_only_key_actions" time="0.057" /><testcase classname="tests.test_panel.TestArunAndMeeraRuns" name="test_meera_run_allows_click" time="0.059" /><testcase classname="tests.test_panel.TestRegression" name="test_health" time="0.058" /><testcase classname="tests.test_panel.TestRegression" name="test_persona_panels_list" time="0.058" /></testsuite></testsuites>