<?xml version="1.0" encoding="utf-8"?><testsuites name="pytest tests"><testsuite name="pytest" errors="0" failures="1" skipped="0" tests="10" time="3.373" timestamp="2026-08-30T00:01:00.749902+00:00" hostname="agent-env-fccbb74d-c70e-4532-8a98-0f34404ed49b"><testcase classname="tests.test_paywall.TestCheckout" name="test_checkout_creates_session" time="0.807" /><testcase classname="tests.test_paywall.TestRunGates" name="test_engine_run_402" time="2.449" /><testcase classname="tests.test_paywall.TestCheckout" name="test_status_valid_session" time="1.642" /><testcase classname="tests.test_paywall.TestRunGates" name="test_engine_run_panel_402" time="0.093" /><testcase classname="tests.test_paywall.TestCheckout" name="test_status_invalid_session_404" time="0.097" /><testcase classname="tests.test_paywall.TestRunGates" name="test_prototype_run_402" time="0.092"><failure message="AssertionError: {&quot;detail&quot;:[{&quot;type&quot;:&quot;missing&quot;,&quot;loc&quot;:[&quot;body&quot;,&quot;graph_id&quot;],&quot;msg&quot;:&quot;Field required&quot;,&quot;input&quot;:{&quot;figma_url&quot;:&quot;https://figma.com/proto/xyz&quot;,&quot;persona&quot;:{&quot;name&quot;:&quot;T&quot;,&quot;goals&quot;:[&quot;x&quot;]}},&quot;url&quot;:&quot;https://errors.pydantic.dev/2.13/v/missing&quot;}]}&#10;assert 422 == 402&#10; +  where 422 = &lt;Response [422]&gt;.status_code">backend/tests/test_paywall.py:70: in test_prototype_run_402
    assert r.status_code == 402, r.text
E   AssertionError: {"detail":[{"type":"missing","loc":["body","graph_id"],"msg":"Field required","input":{"figma_url":"https://figma.com/proto/xyz","persona":{"name":"T","goals":["x"]}},"url":"https://errors.pydantic.dev/2.13/v/missing"}]}
E   assert 422 == 402
E    +  where 422 = &lt;Response [422]&gt;.status_code</failure></testcase><testcase classname="tests.test_paywall.TestCredits" name="test_get_credits_shape" time="0.105" /><testcase classname="tests.test_paywall.TestCredits" name="test_free_used_when_runs_exist" time="0.057" /><testcase classname="tests.test_paywall.TestRegression" name="test_health" time="0.045" /><testcase classname="tests.test_paywall.TestRegression" name="test_persona_panels" time="0.060" /></testsuite></testsuites>