<?xml version="1.0" encoding="utf-8"?><testsuites name="pytest tests"><testsuite name="pytest" errors="0" failures="0" skipped="0" tests="14" time="5.160" timestamp="2026-08-29T23:02:48.051000+00:00" hostname="agent-env-fccbb74d-c70e-4532-8a98-0f34404ed49b"><testcase classname="tests.test_prototype" name="test_health" time="0.287" /><testcase classname="tests.test_prototype" name="test_persona_panels_list" time="0.138" /><testcase classname="tests.test_prototype" name="test_runs_list" time="0.180" /><testcase classname="tests.test_prototype" name="test_create_graph" time="0.284" /><testcase classname="tests.test_prototype" name="test_list_graphs" time="0.136" /><testcase classname="tests.test_prototype" name="test_patch_graph" time="0.289" /><testcase classname="tests.test_prototype" name="test_get_graph_invalid_id" time="0.132" /><testcase classname="tests.test_prototype" name="test_get_graph_not_found" time="0.196" /><testcase classname="tests.test_prototype" name="test_existing_seeded_graph" time="0.110" /><testcase classname="tests.test_prototype" name="test_upload_mockup" time="0.620" /><testcase classname="tests.test_prototype" name="test_prototype_run_returns_202" time="0.143" /><testcase classname="tests.test_prototype" name="test_prototype_run_invalid_graph" time="1.377" /><testcase classname="tests.test_prototype" name="test_prototype_run_not_found_graph" time="0.158" /><testcase classname="tests.test_prototype" name="test_delete_graph" time="0.482" /></testsuite></testsuites>