<?xml version="1.0" encoding="utf-8"?><testsuites name="pytest tests"><testsuite name="pytest" errors="0" failures="0" skipped="0" tests="8" time="2.294" timestamp="2026-08-29T20:13:17.286969+00:00" hostname="agent-env-fccbb74d-c70e-4532-8a98-0f34404ed49b"><testcase classname="tests.backend_test.TestRunsCRUD" name="test_create_list_get_patch_delete" time="0.831" /><testcase classname="tests.backend_test" name="test_health" time="0.325" /><testcase classname="tests.backend_test" name="test_seed_panel_exists" time="0.074" /><testcase classname="tests.backend_test.TestPanelsCRUD" name="test_panel_flow" time="0.568" /><testcase classname="tests.backend_test.TestRunsCRUD" name="test_invalid_stage_422" time="0.070" /><testcase classname="tests.backend_test.TestStepsCRUD" name="test_step_flow" time="0.572" /><testcase classname="tests.backend_test.TestPanelsCRUD" name="test_delete_nonexistent" time="0.072" /><testcase classname="tests.backend_test.TestSignalsCRUD" name="test_signal_flow" time="0.650" /></testsuite></testsuites>