<?xml version="1.0" encoding="utf-8"?><testsuites name="pytest tests"><testsuite name="pytest" errors="0" failures="0" skipped="0" tests="13" time="1.082" timestamp="2026-08-29T22:31:25.513812+00:00" hostname="agent-env-fccbb74d-c70e-4532-8a98-0f34404ed49b"><testcase classname="tests.test_signals.TestSanity" name="test_health" time="0.212" /><testcase classname="tests.test_signals.TestSanity" name="test_persona_panels" time="0.082" /><testcase classname="tests.test_signals.TestAggregationBatch" name="test_structure" time="0.248" /><testcase classname="tests.test_signals.TestAggregationBatch" name="test_screen_fields" time="0.000" /><testcase classname="tests.test_signals.TestAggregationBatch" name="test_sorted_descending" time="0.001" /><testcase classname="tests.test_signals.TestAggregationBatch" name="test_pricing_top" time="0.000" /><testcase classname="tests.test_signals.TestSpecificSignals" name="test_arun_keyboard_dead_end" time="0.061" /><testcase classname="tests.test_signals.TestDeriveErrors" name="test_derive_invalid_id" time="0.058" /><testcase classname="tests.test_signals.TestSpecificSignals" name="test_meera_dead_click" time="0.059" /><testcase classname="tests.test_signals.TestDeriveErrors" name="test_derive_nonexistent_id" time="0.097" /><testcase classname="tests.test_signals.TestAggregateErrors" name="test_aggregate_no_params" time="0.054" /><testcase classname="tests.test_signals.TestDeriveFreshRun" name="test_derive_fresh" time="0.060" /><testcase classname="tests.test_signals.TestAggregationRunIds" name="test_run_ids_csv" time="0.059" /></testsuite></testsuites>