<?xml version="1.0" encoding="utf-8"?><testsuites name="pytest tests"><testsuite name="pytest" errors="0" failures="0" skipped="0" tests="9" time="6.460" timestamp="2026-08-29T20:44:09.361849+00:00" hostname="agent-env-fccbb74d-c70e-4532-8a98-0f34404ed49b"><testcase classname="tests.test_spike" name="test_health" time="0.262" /><testcase classname="tests.test_spike.TestSpikeRun" name="test_run_object" time="5.159" /><testcase classname="tests.test_spike.TestSpikeRun" name="test_step_object" time="0.000" /><testcase classname="tests.test_spike.TestSpikeRun" name="test_screenshot_url_reachable" time="0.221" /><testcase classname="tests.test_spike.TestSpikePersistence" name="test_run_persisted" time="0.074" /><testcase classname="tests.test_spike.TestSpikePersistence" name="test_step_persisted" time="0.078" /><testcase classname="tests.test_spike" name="test_default_target_declared" time="0.317" /><testcase classname="tests.test_spike.TestRegression" name="test_persona_panels_still_work" time="0.078" /><testcase classname="tests.test_spike.TestRegression" name="test_create_delete_run_still_works" time="0.201" /></testsuite></testsuites>